leaflet: 433.27 KB (15.0%)
proj4: 358.84 KB (12.4%)
@material-ui/core: 314.84 KB (10.9%)
esri-leaflet: 272.49 KB (9.44%)
esri-leaflet-renderers: 146.45 KB (5.07%)
@material-ui/styles: 143.98 KB (4.99%)
react-dom: 119.19 KB (4.13%)
popper.js: 86.41 KB (2.99%)
i18next: 73.4 KB (2.54%)
jss: 56.04 KB (1.94%)
react-transition-group: 54.62 KB (1.89%)
react-i18next: 27.86 KB (0.966%)
mgrs: 20.46 KB (0.709%)
react-leaflet: 20.27 KB (0.702%)
@material-ui/system: 18.14 KB (0.629%)
@babel/runtime: 14.69 KB (0.509%)
css-vendor: 14.49 KB (0.502%)
i18next-http-backend: 11.82 KB (0.409%)
@react-leaflet/core: 11.6 KB (0.402%)
wkt-parser: 11.41 KB (0.395%)
@terraformer/arcgis: 11.37 KB (0.394%)
@material-ui/utils: 9.65 KB (0.334%)
eventemitter3: 8.93 KB (0.309%)
react: 7.63 KB (0.264%)
proj4leaflet: 7.56 KB (0.262%)
style-loader: 6.67 KB (0.231%)
@material-ui/icons: 6.29 KB (0.218%)
jss-plugin-default-unit: 5.8 KB (0.201%)
html-parse-stringify2: 5.32 KB (0.184%)
scheduler: 4.91 KB (0.170%)
jss-plugin-global: 4.01 KB (0.139%)
screenfull: 3.78 KB (0.131%)
jss-plugin-nested: 3.55 KB (0.123%)
react-is: 2.69 KB (0.0931%)
hoist-non-react-statics: 2.68 KB (0.0928%)
prop-types: 2.58 KB (0.0895%)
css-loader: 2.38 KB (0.0824%)
jss-plugin-rule-value-function: 2.3 KB (0.0796%)
object-assign: 2.06 KB (0.0713%)
tiny-binary-search: 1.93 KB (0.0670%)
jss-plugin-vendor-prefixer: 1.49 KB (0.0515%)
jss-plugin-camel-case: 1.46 KB (0.0505%)
dom-helpers: 1.21 KB (0.0419%)
node-fetch: 732 B (0.0248%)
clsx: 659 B (0.0223%)
jss-plugin-props-sort: 593 B (0.0201%)
is-in-browser: 510 B (0.0173%)
hyphenate-style-name: 452 B (0.0153%)
void-elements: 376 B (0.0127%)
tiny-warning: 361 B (0.0122%)
<self>: 565.71 KB (19.6%)
